

==================================================
          Grid Refinement - Iteration 1           
--------------------------------------------------
    Phase: traj.phases.phase0
        Refinement Options:
            Allow Refinement = True
            Tolerance = 1e-06
            Min Order = 3
            Max Order = 14
        Original Grid:
            Number of Segments = 15
            Segment Ends = [-1.0, -0.8667, -0.7333, -0.6, -0.4667, -0.3333, -0.2, -0.0667, 0.0667, 0.2, 0.3333, 0.4667, 0.6, 0.7333, 0.8667, 1.0]
            Segment Order = [3, 3, 3, 3, 3, 3, 3, 3, 3, 3, 3, 3, 3, 3, 3]
            Error = [   1.173,    1.095,    1.014,   0.9576,   0.9115,   0.8686,   0.9228,    1.078,   0.8838,    1.082,    1.596,    2.262,     3.08,    4.038,     5.07]
    Phase: traj.phases.phase0
        New Grid:
            Number of Segments = 15
            Segment Ends = [-1.0, -0.8667, -0.7333, -0.6, -0.4667, -0.3333, -0.2, -0.0667, 0.0667, 0.2, 0.3333, 0.4667, 0.6, 0.7333, 0.8667, 1.0]
            Segment Order = [5, 5, 5, 5, 5, 5, 5, 5, 5, 5, 5, 5, 5, 5, 5]
        Refined: True



==================================================
          Grid Refinement - Iteration 2           
--------------------------------------------------
    Phase: traj.phases.phase0
        Refinement Options:
            Allow Refinement = True
            Tolerance = 1e-06
            Min Order = 3
            Max Order = 14
        Original Grid:
            Number of Segments = 15
            Segment Ends = [-1.0, -0.8667, -0.7333, -0.6, -0.4667, -0.3333, -0.2, -0.0667, 0.0667, 0.2, 0.3333, 0.4667, 0.6, 0.7333, 0.8667, 1.0]
            Segment Order = [5, 5, 5, 5, 5, 5, 5, 5, 5, 5, 5, 5, 5, 5, 5]
            Error = [   1.129,    1.085,   0.9937,   0.9336,   0.8898,   0.8495,   0.9802,   0.8744,   0.9204,    1.368,    1.928,    2.563,    3.223,    3.885,    4.441]
    Phase: traj.phases.phase0
        New Grid:
            Number of Segments = 139
            Segment Ends = [-1.0, -0.9852, -0.9704, -0.9556, -0.9407, -0.9259, -0.9111, -0.8963, -0.8815, -0.8667, -0.8519, -0.837, -0.8222, -0.8074, -0.7926, -0.7778, -0.763, -0.7481, -0.7333, -0.7185, -0.7037, -0.6889, -0.6741, -0.6593, -0.6444, -0.6296, -0.6148, -0.6, -0.5852, -0.5704, -0.5556, -0.5407, -0.5259, -0.5111, -0.4963, -0.4815, -0.4667, -0.4519, -0.437, -0.4222, -0.4074, -0.3926, -0.3778, -0.363, -0.3481, -0.3333, -0.3185, -0.3037, -0.2889, -0.2741, -0.2593, -0.2444, -0.2296, -0.2148, -0.2, -0.1852, -0.1704, -0.1556, -0.1407, -0.1259, -0.1111, -0.0963, -0.0815, -0.0667, -0.0519, -0.037, -0.0222, -0.0074, 0.0074, 0.0222, 0.037, 0.0519, 0.0667, 0.0815, 0.0963, 0.1111, 0.1259, 0.1407, 0.1556, 0.1704, 0.1852, 0.2, 0.2148, 0.2296, 0.2444, 0.2593, 0.2741, 0.2889, 0.3037, 0.3185, 0.3333, 0.3481, 0.363, 0.3778, 0.3926, 0.4074, 0.4222, 0.437, 0.4519, 0.4667, 0.48, 0.4933, 0.5067, 0.52, 0.5333, 0.5467, 0.56, 0.5733, 0.5867, 0.6, 0.6133, 0.6267, 0.64, 0.6533, 0.6667, 0.68, 0.6933, 0.7067, 0.72, 0.7333, 0.7467, 0.76, 0.7733, 0.7867, 0.8, 0.8133, 0.8267, 0.84, 0.8533, 0.8667, 0.88, 0.8933, 0.9067, 0.92, 0.9333, 0.9467, 0.96, 0.9733, 0.9867, 1.0]
            Segment Order = [5, 5, 5, 5, 5, 5, 5, 5, 5, 5, 5, 5, 5, 5, 5, 5, 5, 5, 5, 5, 5, 5, 5, 5, 5, 5, 5, 5, 5, 5, 5, 5, 5, 5, 5, 5, 5, 5, 5, 5, 5, 5, 5, 5, 5, 5, 5, 5, 5, 5, 5, 5, 5, 5, 5, 5, 5, 5, 5, 5, 5, 5, 5, 5, 5, 5, 5, 5, 5, 5, 5, 5, 5, 5, 5, 5, 5, 5, 5, 5, 5, 5, 5, 5, 5, 5, 5, 5, 5, 5, 5, 5, 5, 5, 5, 5, 5, 5, 5, 5, 5, 5, 5, 5, 5, 5, 5, 5, 5, 5, 5, 5, 5, 5, 5, 5, 5, 5, 5, 5, 5, 5, 5, 5, 5, 5, 5, 5, 5, 5, 5, 5, 5, 5, 5, 5, 5, 5, 5]
        Refined: True

Successfully completed grid refinement.
