INFO: checking out_of_order...
INFO:     out_of_order check complete (0.000264 sec).
INFO: checking system...
INFO:     system check complete (0.000009 sec).
INFO: checking solvers...
INFO:     solvers check complete (0.000096 sec).
INFO: checking dup_inputs...
INFO:     dup_inputs check complete (0.000047 sec).
INFO: checking missing_recorders...
INFO:     missing_recorders check complete (0.000001 sec).
INFO: checking unserializable_options...
INFO:     unserializable_options check complete (0.000815 sec).
INFO: checking comp_has_no_outputs...
INFO:     comp_has_no_outputs check complete (0.000018 sec).
INFO: checking out_of_order...
INFO:     out_of_order check complete (0.000133 sec).
INFO: checking system...
INFO:     system check complete (0.000007 sec).
INFO: checking solvers...
INFO:     solvers check complete (0.000059 sec).
INFO: checking dup_inputs...
INFO:     dup_inputs check complete (0.000044 sec).
INFO: checking missing_recorders...
INFO:     missing_recorders check complete (0.000001 sec).
INFO: checking unserializable_options...
INFO:     unserializable_options check complete (0.000761 sec).
INFO: checking comp_has_no_outputs...
INFO:     comp_has_no_outputs check complete (0.000012 sec).
