
List of user-set options:

                                    Name   Value                used
                        file_print_level = 5                     yes
                   hessian_approximation = limited-memory        yes
              limited_memory_update_type = bfgs                  yes
                           linear_solver = mumps                 yes
                                max_iter = 600                   yes
                      nlp_scaling_method = gradient-based        yes
                             output_file = IPOPT.out             yes
                             print_level = 5                     yes
                      print_user_options = yes                   yes
                                      sb = yes                   yes
                                     tol = 0.0001                yes
This is Ipopt version 3.14.19, running with linear solver MUMPS 5.8.2.

Number of nonzeros in equality constraint Jacobian...:        0
Number of nonzeros in inequality constraint Jacobian.:        6
Number of nonzeros in Lagrangian Hessian.............:        0

Total number of variables............................:        6
                     variables with only lower bounds:        0
                variables with lower and upper bounds:        6
                     variables with only upper bounds:        0
Total number of equality constraints.................:        0
Total number of inequality constraints...............:        1
        inequality constraints with only lower bounds:        0
   inequality constraints with lower and upper bounds:        1
        inequality constraints with only upper bounds:        0

iter    objective    inf_pr   inf_du lg(mu)  ||d||  lg(rg) alpha_du alpha_pr  ls
   0  1.1387001e+07 0.00e+00 2.56e+01   0.0 0.00e+00    -  0.00e+00 0.00e+00   0
   1  1.3127827e+07 0.00e+00 3.08e+02   3.4 1.40e+03    -  9.91e-01 2.50e-01f  3
   2  1.7171118e+07 0.00e+00 7.17e+02   3.6 3.94e+03    -  1.00e+00 1.00e+00f  1
   3  1.3526409e+07 0.00e+00 4.55e+01   2.9 3.36e+02    -  1.00e+00 1.00e+00f  1
   4  7.8874391e+06 0.00e+00 5.27e+01   2.2 5.52e+03    -  1.00e+00 1.00e+00f  1
   5  4.6518605e+06 0.00e+00 3.12e+01   1.6 3.64e+02    -  1.00e+00 9.99e-01f  1
   6  2.8282112e+06 0.00e+00 2.14e+01   0.6 1.24e+01    -  9.89e-01 1.00e+00f  1
   7  1.9856394e+06 0.00e+00 2.81e+01   1.4 5.71e+01    -  1.00e+00 1.00e+00f  1
   8  1.5340414e+06 0.00e+00 1.12e+01   1.6 8.50e+01    -  1.00e+00 8.52e-01f  1
   9  1.2177855e+06 0.00e+00 6.03e+00  -0.4 2.36e+00    -  9.39e-01 1.00e+00f  1
iter    objective    inf_pr   inf_du lg(mu)  ||d||  lg(rg) alpha_du alpha_pr  ls
  10  1.0970240e+06 0.00e+00 2.57e+00  -1.0 9.32e-01    -  1.00e+00 1.00e+00f  1
  11  1.0796209e+06 0.00e+00 3.82e-01  -1.2 3.01e-01    -  1.00e+00 9.73e-01f  1
  12  1.0624734e+06 0.00e+00 1.22e+00  -2.8 1.10e+01    -  1.00e+00 9.44e-01f  1
  13  1.0445794e+06 0.00e+00 3.09e-01  -4.6 1.12e+01    -  1.00e+00 1.00e+00f  1
  14  1.0260273e+06 0.00e+00 3.16e-01  -6.6 1.14e+01    -  1.00e+00 9.97e-01f  1
  15  1.0255079e+06 0.00e+00 3.16e-01  -7.4 3.16e-01    -  1.00e+00 1.00e+00f  1
  16  1.0249903e+06 0.00e+00 3.16e-01  -9.3 3.16e-01    -  1.00e+00 9.95e-01f  1
  17  1.0244697e+06 0.00e+00 3.17e-01 -11.0 3.16e-01    -  1.00e+00 1.00e+00f  1
  18  1.0239484e+06 0.00e+00 3.17e-01 -11.0 3.17e-01    -  1.00e+00 1.00e+00f  1
  19  1.0234266e+06 0.00e+00 3.17e-01 -11.0 3.17e-01    -  1.00e+00 1.00e+00f  1
iter    objective    inf_pr   inf_du lg(mu)  ||d||  lg(rg) alpha_du alpha_pr  ls
  20  1.0229042e+06 0.00e+00 3.17e-01 -11.0 3.17e-01    -  1.00e+00 1.00e+00f  1
  21  1.0223811e+06 0.00e+00 3.17e-01 -11.0 3.17e-01    -  1.00e+00 1.00e+00f  1
  22  1.0218575e+06 0.00e+00 3.18e-01 -11.0 3.17e-01    -  1.00e+00 1.00e+00f  1
  23  1.0213332e+06 0.00e+00 3.18e-01 -11.0 3.18e-01    -  1.00e+00 1.00e+00f  1
  24  1.0208083e+06 0.00e+00 3.18e-01 -11.0 3.18e-01    -  1.00e+00 1.00e+00f  1
  25  1.0202829e+06 0.00e+00 3.18e-01 -11.0 3.18e-01    -  1.00e+00 1.00e+00f  1
  26  1.0197568e+06 0.00e+00 3.18e-01 -11.0 3.18e-01    -  1.00e+00 1.00e+00f  1
  27  1.0192301e+06 0.00e+00 3.18e-01 -11.0 3.18e-01    -  1.00e+00 1.00e+00f  1
  28  1.0187028e+06 0.00e+00 3.19e-01 -11.0 3.18e-01    -  1.00e+00 1.00e+00f  1
  29  1.0181748e+06 0.00e+00 3.19e-01 -11.0 3.19e-01    -  1.00e+00 1.00e+00f  1
iter    objective    inf_pr   inf_du lg(mu)  ||d||  lg(rg) alpha_du alpha_pr  ls
  30  1.0176463e+06 0.00e+00 3.19e-01 -11.0 3.19e-01    -  1.00e+00 1.00e+00f  1
  31  1.0171172e+06 0.00e+00 3.19e-01 -11.0 3.19e-01    -  1.00e+00 1.00e+00f  1
  32  1.0165874e+06 0.00e+00 3.19e-01 -11.0 3.19e-01    -  1.00e+00 1.00e+00f  1
  33  1.0160570e+06 0.00e+00 3.20e-01 -11.0 3.19e-01    -  1.00e+00 1.00e+00f  1
  34  1.0155260e+06 0.00e+00 3.20e-01 -11.0 3.20e-01    -  1.00e+00 1.00e+00f  1
  35  1.0149944e+06 0.00e+00 3.20e-01 -11.0 3.20e-01    -  1.00e+00 1.00e+00f  1
  36  1.0144622e+06 0.00e+00 3.20e-01 -11.0 3.20e-01    -  1.00e+00 1.00e+00f  1
  37  1.0139293e+06 0.00e+00 3.20e-01 -11.0 3.20e-01    -  1.00e+00 1.00e+00f  1
  38  1.0133958e+06 0.00e+00 3.20e-01 -11.0 3.20e-01    -  1.00e+00 1.00e+00f  1
  39  1.0128617e+06 0.00e+00 3.21e-01 -11.0 3.20e-01    -  1.00e+00 1.00e+00f  1
iter    objective    inf_pr   inf_du lg(mu)  ||d||  lg(rg) alpha_du alpha_pr  ls
  40  1.0123270e+06 0.00e+00 3.21e-01 -11.0 3.21e-01    -  1.00e+00 1.00e+00f  1
  41  1.0117917e+06 0.00e+00 3.21e-01 -11.0 3.21e-01    -  1.00e+00 1.00e+00f  1
  42  1.0112557e+06 0.00e+00 3.21e-01 -11.0 3.21e-01    -  1.00e+00 1.00e+00f  1
  43  1.0107191e+06 0.00e+00 3.21e-01 -11.0 3.21e-01    -  1.00e+00 1.00e+00f  1
  44  1.0101819e+06 0.00e+00 3.22e-01 -11.0 3.21e-01    -  1.00e+00 1.00e+00f  1
  45  1.0096440e+06 0.00e+00 3.22e-01 -11.0 3.22e-01    -  1.00e+00 1.00e+00f  1
  46  1.0091056e+06 0.00e+00 3.22e-01 -11.0 3.22e-01    -  1.00e+00 1.00e+00f  1
  47  1.0085665e+06 0.00e+00 3.22e-01 -11.0 3.22e-01    -  1.00e+00 1.00e+00f  1
  48  1.0080267e+06 0.00e+00 3.22e-01 -11.0 3.22e-01    -  1.00e+00 1.00e+00f  1
  49  1.0074864e+06 0.00e+00 3.23e-01 -11.0 3.22e-01    -  1.00e+00 1.00e+00f  1
iter    objective    inf_pr   inf_du lg(mu)  ||d||  lg(rg) alpha_du alpha_pr  ls
  50  1.0069454e+06 0.00e+00 3.23e-01 -11.0 3.23e-01    -  1.00e+00 1.00e+00f  1
  51  1.0064038e+06 0.00e+00 3.23e-01 -11.0 3.23e-01    -  1.00e+00 1.00e+00f  1
  52  1.0058615e+06 0.00e+00 3.23e-01 -11.0 3.23e-01    -  1.00e+00 1.00e+00f  1
  53  1.0053186e+06 0.00e+00 3.23e-01 -11.0 3.23e-01    -  1.00e+00 1.00e+00f  1
  54  1.0047751e+06 0.00e+00 3.23e-01 -11.0 3.23e-01    -  1.00e+00 1.00e+00f  1
  55  1.0042309e+06 0.00e+00 3.24e-01 -11.0 3.23e-01    -  1.00e+00 1.00e+00f  1
  56  1.0036861e+06 0.00e+00 3.24e-01 -11.0 3.24e-01    -  1.00e+00 1.00e+00f  1
  57  1.0031407e+06 0.00e+00 3.24e-01 -11.0 3.24e-01    -  1.00e+00 1.00e+00f  1
  58  1.0025946e+06 0.00e+00 3.24e-01 -11.0 3.24e-01    -  1.00e+00 1.00e+00f  1
  59  1.0020479e+06 0.00e+00 3.24e-01 -11.0 3.24e-01    -  1.00e+00 1.00e+00f  1
iter    objective    inf_pr   inf_du lg(mu)  ||d||  lg(rg) alpha_du alpha_pr  ls
  60  1.0015005e+06 0.00e+00 3.25e-01 -11.0 3.24e-01    -  1.00e+00 1.00e+00f  1
  61  1.0009525e+06 0.00e+00 3.25e-01 -11.0 3.25e-01    -  1.00e+00 1.00e+00f  1
  62  1.0004039e+06 0.00e+00 3.25e-01 -11.0 3.25e-01    -  1.00e+00 1.00e+00f  1
  63  9.9985460e+05 0.00e+00 3.25e-01 -11.0 3.25e-01    -  1.00e+00 1.00e+00f  1
  64  9.9930467e+05 0.00e+00 3.25e-01 -11.0 3.25e-01    -  1.00e+00 1.00e+00f  1
  65  9.9875410e+05 0.00e+00 3.26e-01 -11.0 3.25e-01    -  1.00e+00 1.00e+00f  1
  66  9.9820288e+05 0.00e+00 3.26e-01 -11.0 3.26e-01    -  1.00e+00 1.00e+00f  1
  67  9.9765101e+05 0.00e+00 3.26e-01 -11.0 3.26e-01    -  1.00e+00 1.00e+00f  1
  68  9.9709850e+05 0.00e+00 3.26e-01 -11.0 3.26e-01    -  1.00e+00 1.00e+00f  1
  69  9.9654533e+05 0.00e+00 3.26e-01 -11.0 3.26e-01    -  1.00e+00 1.00e+00f  1
iter    objective    inf_pr   inf_du lg(mu)  ||d||  lg(rg) alpha_du alpha_pr  ls
  70  9.9599152e+05 0.00e+00 3.27e-01 -11.0 3.26e-01    -  1.00e+00 1.00e+00f  1
  71  9.9543706e+05 0.00e+00 3.27e-01 -11.0 3.27e-01    -  1.00e+00 1.00e+00f  1
  72  9.9488195e+05 0.00e+00 3.27e-01 -11.0 3.27e-01    -  1.00e+00 1.00e+00f  1
  73  9.9432618e+05 0.00e+00 3.27e-01 -11.0 3.27e-01    -  1.00e+00 1.00e+00f  1
  74  9.9376976e+05 0.00e+00 3.27e-01 -11.0 3.27e-01    -  1.00e+00 1.00e+00f  1
  75  9.9321269e+05 0.00e+00 3.27e-01 -11.0 3.27e-01    -  1.00e+00 1.00e+00f  1
  76  9.9265496e+05 0.00e+00 3.28e-01 -11.0 3.27e-01    -  1.00e+00 1.00e+00f  1
  77  9.9209657e+05 0.00e+00 3.28e-01 -11.0 3.28e-01    -  1.00e+00 1.00e+00f  1
  78  9.9153753e+05 0.00e+00 3.28e-01 -11.0 3.28e-01    -  1.00e+00 1.00e+00f  1
  79  9.9097783e+05 0.00e+00 3.28e-01 -11.0 3.28e-01    -  1.00e+00 1.00e+00f  1
iter    objective    inf_pr   inf_du lg(mu)  ||d||  lg(rg) alpha_du alpha_pr  ls
  80  9.9041747e+05 0.00e+00 3.28e-01 -11.0 3.28e-01    -  1.00e+00 1.00e+00f  1
  81  9.8985645e+05 0.00e+00 3.29e-01 -11.0 3.28e-01    -  1.00e+00 1.00e+00f  1
  82  9.8929477e+05 0.00e+00 3.29e-01 -11.0 3.29e-01    -  1.00e+00 1.00e+00f  1
  83  9.8873243e+05 0.00e+00 3.29e-01 -11.0 3.29e-01    -  1.00e+00 1.00e+00f  1
  84  9.8816942e+05 0.00e+00 3.29e-01 -11.0 3.29e-01    -  1.00e+00 1.00e+00f  1
  85  9.8760575e+05 0.00e+00 3.29e-01 -11.0 3.29e-01    -  1.00e+00 1.00e+00f  1
  86  9.8704142e+05 0.00e+00 3.30e-01 -11.0 3.29e-01    -  1.00e+00 1.00e+00f  1
  87  9.8647642e+05 0.00e+00 3.30e-01 -11.0 3.30e-01    -  1.00e+00 1.00e+00f  1
  88  9.8591076e+05 0.00e+00 3.30e-01 -11.0 3.30e-01    -  1.00e+00 1.00e+00f  1
  89  9.8534442e+05 0.00e+00 3.30e-01 -11.0 3.30e-01    -  1.00e+00 1.00e+00f  1
iter    objective    inf_pr   inf_du lg(mu)  ||d||  lg(rg) alpha_du alpha_pr  ls
  90  9.8477742e+05 0.00e+00 3.30e-01 -11.0 3.30e-01    -  1.00e+00 1.00e+00f  1
  91  9.8420975e+05 0.00e+00 3.31e-01 -11.0 3.30e-01    -  1.00e+00 1.00e+00f  1
  92  9.8364141e+05 0.00e+00 3.31e-01 -11.0 3.31e-01    -  1.00e+00 1.00e+00f  1
  93  9.8307240e+05 0.00e+00 3.31e-01 -11.0 3.31e-01    -  1.00e+00 1.00e+00f  1
  94  9.8250271e+05 0.00e+00 3.31e-01 -11.0 3.31e-01    -  1.00e+00 1.00e+00f  1
  95  9.8193236e+05 0.00e+00 3.31e-01 -11.0 3.31e-01    -  1.00e+00 1.00e+00f  1
  96  9.8136132e+05 0.00e+00 3.32e-01 -11.0 3.31e-01    -  1.00e+00 1.00e+00f  1
  97  9.8078962e+05 0.00e+00 3.32e-01 -11.0 3.32e-01    -  1.00e+00 1.00e+00f  1
  98  9.8021723e+05 0.00e+00 3.32e-01 -11.0 3.32e-01    -  1.00e+00 1.00e+00f  1
  99  9.7964417e+05 0.00e+00 3.32e-01 -11.0 3.32e-01    -  1.00e+00 1.00e+00f  1
iter    objective    inf_pr   inf_du lg(mu)  ||d||  lg(rg) alpha_du alpha_pr  ls
 100  9.7907043e+05 0.00e+00 3.32e-01 -11.0 3.32e-01    -  1.00e+00 1.00e+00f  1
 101  9.7849602e+05 0.00e+00 3.33e-01 -11.0 3.32e-01    -  1.00e+00 1.00e+00f  1
 102  9.7792092e+05 0.00e+00 3.33e-01 -11.0 3.33e-01    -  1.00e+00 1.00e+00f  1
 103  9.7734514e+05 0.00e+00 3.33e-01 -11.0 3.33e-01    -  1.00e+00 1.00e+00f  1
 104  9.7676868e+05 0.00e+00 3.33e-01 -11.0 3.33e-01    -  1.00e+00 1.00e+00f  1
 105  9.7619154e+05 0.00e+00 3.33e-01 -11.0 3.33e-01    -  1.00e+00 1.00e+00f  1
 106  9.7561371e+05 0.00e+00 3.34e-01 -11.0 3.33e-01    -  1.00e+00 1.00e+00f  1
 107  9.7503520e+05 0.00e+00 3.34e-01 -11.0 3.34e-01    -  1.00e+00 1.00e+00f  1
 108  9.7445600e+05 0.00e+00 3.34e-01 -11.0 3.34e-01    -  1.00e+00 1.00e+00f  1
 109  9.7387612e+05 0.00e+00 3.34e-01 -11.0 3.34e-01    -  1.00e+00 1.00e+00f  1
iter    objective    inf_pr   inf_du lg(mu)  ||d||  lg(rg) alpha_du alpha_pr  ls
 110  9.7329555e+05 0.00e+00 3.34e-01 -11.0 3.34e-01    -  1.00e+00 1.00e+00f  1
 111  9.7271429e+05 0.00e+00 3.35e-01 -11.0 3.34e-01    -  1.00e+00 1.00e+00f  1
 112  9.7213234e+05 0.00e+00 3.35e-01 -11.0 3.35e-01    -  1.00e+00 1.00e+00f  1
 113  9.7154970e+05 0.00e+00 3.35e-01 -11.0 3.35e-01    -  1.00e+00 1.00e+00f  1
 114  9.7096637e+05 0.00e+00 3.35e-01 -11.0 3.35e-01    -  1.00e+00 1.00e+00f  1
 115  9.7038234e+05 0.00e+00 3.35e-01 -11.0 3.35e-01    -  1.00e+00 1.00e+00f  1
 116  9.6979763e+05 0.00e+00 3.36e-01 -11.0 3.35e-01    -  1.00e+00 1.00e+00f  1
 117  9.6921221e+05 0.00e+00 3.36e-01 -11.0 3.36e-01    -  1.00e+00 1.00e+00f  1
 118  9.6862610e+05 0.00e+00 3.36e-01 -11.0 3.36e-01    -  1.00e+00 1.00e+00f  1
 119  9.6803930e+05 0.00e+00 3.36e-01 -11.0 3.36e-01    -  1.00e+00 1.00e+00f  1
iter    objective    inf_pr   inf_du lg(mu)  ||d||  lg(rg) alpha_du alpha_pr  ls
 120  9.6745180e+05 0.00e+00 3.36e-01 -11.0 3.36e-01    -  1.00e+00 1.00e+00f  1
 121  9.6686360e+05 0.00e+00 3.37e-01 -11.0 3.36e-01    -  1.00e+00 1.00e+00f  1
 122  9.6627470e+05 0.00e+00 3.37e-01 -11.0 3.37e-01    -  1.00e+00 1.00e+00f  1
 123  9.6568509e+05 0.00e+00 3.37e-01 -11.0 3.37e-01    -  1.00e+00 1.00e+00f  1
 124  9.6509479e+05 0.00e+00 3.37e-01 -11.0 3.37e-01    -  1.00e+00 1.00e+00f  1
 125  9.6450379e+05 0.00e+00 3.37e-01 -11.0 3.37e-01    -  1.00e+00 1.00e+00f  1
 126  9.6391208e+05 0.00e+00 3.38e-01 -11.0 3.37e-01    -  1.00e+00 1.00e+00f  1
 127  9.6331967e+05 0.00e+00 3.38e-01 -11.0 3.38e-01    -  1.00e+00 1.00e+00f  1
 128  9.6272655e+05 0.00e+00 3.38e-01 -11.0 3.38e-01    -  1.00e+00 1.00e+00f  1
 129  9.6213273e+05 0.00e+00 3.38e-01 -11.0 3.38e-01    -  1.00e+00 1.00e+00f  1
iter    objective    inf_pr   inf_du lg(mu)  ||d||  lg(rg) alpha_du alpha_pr  ls
 130  9.6153819e+05 0.00e+00 3.38e-01 -11.0 3.38e-01    -  1.00e+00 1.00e+00f  1
 131  9.6094295e+05 0.00e+00 3.39e-01 -11.0 3.38e-01    -  1.00e+00 1.00e+00f  1
 132  9.6034700e+05 0.00e+00 3.39e-01 -11.0 3.39e-01    -  1.00e+00 1.00e+00f  1
 133  9.5975034e+05 0.00e+00 3.39e-01 -11.0 3.39e-01    -  1.00e+00 1.00e+00f  1
 134  9.5915297e+05 0.00e+00 3.39e-01 -11.0 3.39e-01    -  1.00e+00 1.00e+00f  1
 135  9.5855489e+05 0.00e+00 3.39e-01 -11.0 3.39e-01    -  1.00e+00 1.00e+00f  1
 136  9.5795609e+05 0.00e+00 3.40e-01 -11.0 3.39e-01    -  1.00e+00 1.00e+00f  1
 137  9.5735658e+05 0.00e+00 3.40e-01 -11.0 3.40e-01    -  1.00e+00 1.00e+00f  1
 138  9.5675635e+05 0.00e+00 3.40e-01 -11.0 3.40e-01    -  1.00e+00 1.00e+00f  1
 139  9.5615541e+05 0.00e+00 3.40e-01 -11.0 3.40e-01    -  1.00e+00 1.00e+00f  1
iter    objective    inf_pr   inf_du lg(mu)  ||d||  lg(rg) alpha_du alpha_pr  ls
 140  9.5555374e+05 0.00e+00 3.40e-01 -11.0 3.40e-01    -  1.00e+00 1.00e+00f  1
 141  9.5495136e+05 0.00e+00 3.41e-01 -11.0 3.40e-01    -  1.00e+00 1.00e+00f  1
 142  9.5434826e+05 0.00e+00 3.41e-01 -11.0 3.41e-01    -  1.00e+00 1.00e+00f  1
 143  9.5374444e+05 0.00e+00 3.41e-01 -11.0 3.41e-01    -  1.00e+00 1.00e+00f  1
 144  9.5313990e+05 0.00e+00 3.41e-01 -11.0 3.41e-01    -  1.00e+00 1.00e+00f  1
 145  9.5253464e+05 0.00e+00 3.41e-01 -11.0 3.41e-01    -  1.00e+00 1.00e+00f  1
 146  9.5192865e+05 0.00e+00 3.42e-01 -11.0 3.41e-01    -  1.00e+00 1.00e+00f  1
 147  9.5132194e+05 0.00e+00 3.42e-01 -11.0 3.42e-01    -  1.00e+00 1.00e+00f  1
 148  9.5071450e+05 0.00e+00 3.42e-01 -11.0 3.42e-01    -  1.00e+00 1.00e+00f  1
 149  9.5010633e+05 0.00e+00 3.42e-01 -11.0 3.42e-01    -  1.00e+00 1.00e+00f  1
iter    objective    inf_pr   inf_du lg(mu)  ||d||  lg(rg) alpha_du alpha_pr  ls
 150  9.4949744e+05 0.00e+00 3.42e-01 -11.0 3.42e-01    -  1.00e+00 1.00e+00f  1
 151  9.4888782e+05 0.00e+00 3.43e-01 -11.0 3.42e-01    -  1.00e+00 1.00e+00f  1
 152  9.4827747e+05 0.00e+00 3.43e-01 -11.0 3.43e-01    -  1.00e+00 1.00e+00f  1
 153  9.4766639e+05 0.00e+00 3.43e-01 -11.0 3.43e-01    -  1.00e+00 1.00e+00f  1
 154  9.4705457e+05 0.00e+00 3.43e-01 -11.0 3.43e-01    -  1.00e+00 1.00e+00f  1
 155  9.4644202e+05 0.00e+00 3.43e-01 -11.0 3.43e-01    -  1.00e+00 1.00e+00f  1
 156  9.4582874e+05 0.00e+00 3.44e-01 -11.0 3.43e-01    -  1.00e+00 1.00e+00f  1
 157  9.4521473e+05 0.00e+00 3.44e-01 -11.0 3.44e-01    -  1.00e+00 1.00e+00f  1
 158  9.4459998e+05 0.00e+00 3.44e-01 -11.0 3.44e-01    -  1.00e+00 1.00e+00f  1
 159  9.4398449e+05 0.00e+00 3.44e-01 -11.0 3.44e-01    -  1.00e+00 1.00e+00f  1
iter    objective    inf_pr   inf_du lg(mu)  ||d||  lg(rg) alpha_du alpha_pr  ls
 160  9.4336826e+05 0.00e+00 3.44e-01 -11.0 3.44e-01    -  1.00e+00 1.00e+00f  1
 161  9.4275130e+05 0.00e+00 3.45e-01 -11.0 3.44e-01    -  1.00e+00 1.00e+00f  1
 162  9.4213359e+05 0.00e+00 3.45e-01 -11.0 3.45e-01    -  1.00e+00 1.00e+00f  1
 163  9.4151515e+05 0.00e+00 3.45e-01 -11.0 3.45e-01    -  1.00e+00 1.00e+00f  1
 164  9.4089596e+05 0.00e+00 3.45e-01 -11.0 3.45e-01    -  1.00e+00 1.00e+00f  1
 165  9.4027603e+05 0.00e+00 3.45e-01 -11.0 3.45e-01    -  1.00e+00 1.00e+00f  1
 166  9.3965535e+05 0.00e+00 3.46e-01 -11.0 3.45e-01    -  1.00e+00 1.00e+00f  1
 167  9.3903393e+05 0.00e+00 3.46e-01 -11.0 3.46e-01    -  1.00e+00 1.00e+00f  1
 168  9.3841177e+05 0.00e+00 3.46e-01 -11.0 3.46e-01    -  1.00e+00 1.00e+00f  1
 169  9.3778885e+05 0.00e+00 3.46e-01 -11.0 3.46e-01    -  1.00e+00 1.00e+00f  1
iter    objective    inf_pr   inf_du lg(mu)  ||d||  lg(rg) alpha_du alpha_pr  ls
 170  9.3716519e+05 0.00e+00 3.47e-01 -11.0 3.46e-01    -  1.00e+00 1.00e+00f  1
 171  9.3654078e+05 0.00e+00 3.47e-01 -11.0 3.47e-01    -  1.00e+00 1.00e+00f  1
 172  9.3591561e+05 0.00e+00 3.47e-01 -11.0 3.47e-01    -  1.00e+00 1.00e+00f  1
 173  9.3528970e+05 0.00e+00 3.47e-01 -11.0 3.47e-01    -  1.00e+00 1.00e+00f  1
 174  9.3466303e+05 0.00e+00 3.47e-01 -11.0 3.47e-01    -  1.00e+00 1.00e+00f  1
 175  9.3403561e+05 0.00e+00 3.48e-01 -11.0 3.47e-01    -  1.00e+00 1.00e+00f  1
 176  9.3340743e+05 0.00e+00 3.48e-01 -11.0 3.48e-01    -  1.00e+00 1.00e+00f  1
 177  9.3277850e+05 0.00e+00 3.48e-01 -11.0 3.48e-01    -  1.00e+00 1.00e+00f  1
 178  9.3214882e+05 0.00e+00 3.48e-01 -11.0 3.48e-01    -  1.00e+00 1.00e+00f  1
 179  9.3151837e+05 0.00e+00 3.48e-01 -11.0 3.48e-01    -  1.00e+00 1.00e+00f  1
iter    objective    inf_pr   inf_du lg(mu)  ||d||  lg(rg) alpha_du alpha_pr  ls
 180  9.3088716e+05 0.00e+00 3.49e-01 -11.0 3.48e-01    -  1.00e+00 1.00e+00f  1
 181  9.3025520e+05 0.00e+00 3.49e-01 -11.0 3.49e-01    -  1.00e+00 1.00e+00f  1
 182  9.2962247e+05 0.00e+00 3.49e-01 -11.0 3.49e-01    -  1.00e+00 1.00e+00f  1
 183  9.2898899e+05 0.00e+00 3.49e-01 -11.0 3.49e-01    -  1.00e+00 1.00e+00f  1
 184  9.2835473e+05 0.00e+00 3.49e-01 -11.0 3.49e-01    -  1.00e+00 1.00e+00f  1
 185  9.2771972e+05 0.00e+00 3.50e-01 -11.0 3.49e-01    -  1.00e+00 1.00e+00f  1
 186  9.2708394e+05 0.00e+00 3.50e-01 -11.0 3.50e-01    -  1.00e+00 1.00e+00f  1
 187  9.2644739e+05 0.00e+00 3.50e-01 -11.0 3.50e-01    -  1.00e+00 1.00e+00f  1
 188  9.2581008e+05 0.00e+00 3.50e-01 -11.0 3.50e-01    -  1.00e+00 1.00e+00f  1
 189  9.2517199e+05 0.00e+00 3.51e-01 -11.0 3.50e-01    -  1.00e+00 1.00e+00f  1
iter    objective    inf_pr   inf_du lg(mu)  ||d||  lg(rg) alpha_du alpha_pr  ls
 190  9.2453314e+05 0.00e+00 3.51e-01 -11.0 3.51e-01    -  1.00e+00 1.00e+00f  1
 191  9.2389352e+05 0.00e+00 3.51e-01 -11.0 3.51e-01    -  1.00e+00 1.00e+00f  1
 192  9.2325312e+05 0.00e+00 3.51e-01 -11.0 3.51e-01    -  1.00e+00 1.00e+00f  1
 193  9.2261195e+05 0.00e+00 3.51e-01 -11.0 3.51e-01    -  1.00e+00 1.00e+00f  1
 194  9.2197001e+05 0.00e+00 3.52e-01 -11.0 3.51e-01    -  1.00e+00 1.00e+00f  1
 195  9.2132730e+05 0.00e+00 3.52e-01 -11.0 3.52e-01    -  1.00e+00 1.00e+00f  1
 196  9.2068380e+05 0.00e+00 3.52e-01 -11.0 3.52e-01    -  1.00e+00 1.00e+00f  1
 197  9.2003953e+05 0.00e+00 3.52e-01 -11.0 3.52e-01    -  1.00e+00 1.00e+00f  1
 198  9.1939449e+05 0.00e+00 3.52e-01 -11.0 3.52e-01    -  1.00e+00 1.00e+00f  1
 199  9.1874866e+05 0.00e+00 3.53e-01 -11.0 3.52e-01    -  1.00e+00 1.00e+00f  1
iter    objective    inf_pr   inf_du lg(mu)  ||d||  lg(rg) alpha_du alpha_pr  ls
 200  9.1810205e+05 0.00e+00 3.53e-01 -11.0 3.53e-01    -  1.00e+00 1.00e+00f  1
 201  9.1745466e+05 0.00e+00 3.53e-01 -11.0 3.53e-01    -  1.00e+00 1.00e+00f  1
 202  9.1680649e+05 0.00e+00 3.53e-01 -11.0 3.53e-01    -  1.00e+00 1.00e+00f  1
 203  9.1615754e+05 0.00e+00 3.53e-01 -11.0 3.53e-01    -  1.00e+00 1.00e+00f  1
 204  9.1550780e+05 0.00e+00 3.54e-01 -11.0 3.53e-01    -  1.00e+00 1.00e+00f  1
 205  9.1485727e+05 0.00e+00 3.54e-01 -11.0 3.54e-01    -  1.00e+00 1.00e+00f  1
 206  9.1420596e+05 0.00e+00 3.54e-01 -11.0 3.54e-01    -  1.00e+00 1.00e+00f  1
 207  9.1355386e+05 0.00e+00 3.54e-01 -11.0 3.54e-01    -  1.00e+00 1.00e+00f  1
 208  9.1290097e+05 0.00e+00 3.55e-01 -11.0 3.54e-01    -  1.00e+00 1.00e+00f  1
 209  9.1224729e+05 0.00e+00 3.55e-01 -11.0 3.55e-01    -  1.00e+00 1.00e+00f  1
iter    objective    inf_pr   inf_du lg(mu)  ||d||  lg(rg) alpha_du alpha_pr  ls
 210  9.1159282e+05 0.00e+00 3.55e-01 -11.0 3.55e-01    -  1.00e+00 1.00e+00f  1
 211  9.1093756e+05 0.00e+00 3.55e-01 -11.0 3.55e-01    -  1.00e+00 1.00e+00f  1
 212  9.1028150e+05 0.00e+00 3.55e-01 -11.0 3.55e-01    -  1.00e+00 1.00e+00f  1
 213  9.0962465e+05 0.00e+00 3.56e-01 -11.0 3.55e-01    -  1.00e+00 1.00e+00f  1
 214  9.0896700e+05 0.00e+00 3.56e-01 -11.0 3.56e-01    -  1.00e+00 1.00e+00f  1
 215  9.0830856e+05 0.00e+00 3.56e-01 -11.0 3.56e-01    -  1.00e+00 1.00e+00f  1
 216  9.0764932e+05 0.00e+00 3.56e-01 -11.0 3.56e-01    -  1.00e+00 1.00e+00f  1
 217  9.0698928e+05 0.00e+00 3.56e-01 -11.0 3.56e-01    -  1.00e+00 1.00e+00f  1
 218  9.0632844e+05 0.00e+00 3.57e-01 -11.0 3.56e-01    -  1.00e+00 1.00e+00f  1
 219  9.0566680e+05 0.00e+00 3.57e-01 -11.0 3.57e-01    -  1.00e+00 1.00e+00f  1
iter    objective    inf_pr   inf_du lg(mu)  ||d||  lg(rg) alpha_du alpha_pr  ls
 220  9.0500436e+05 0.00e+00 3.57e-01 -11.0 3.57e-01    -  1.00e+00 1.00e+00f  1
 221  9.0434111e+05 0.00e+00 3.57e-01 -11.0 3.57e-01    -  1.00e+00 1.00e+00f  1
 222  9.0367706e+05 0.00e+00 3.58e-01 -11.0 3.57e-01    -  1.00e+00 1.00e+00f  1
 223  9.0301220e+05 0.00e+00 3.58e-01 -11.0 3.58e-01    -  1.00e+00 1.00e+00f  1
 224  9.0234654e+05 0.00e+00 3.58e-01 -11.0 3.58e-01    -  1.00e+00 1.00e+00f  1
 225  9.0168007e+05 0.00e+00 3.58e-01 -11.0 3.58e-01    -  1.00e+00 1.00e+00f  1
 226  9.0101279e+05 0.00e+00 3.58e-01 -11.0 3.58e-01    -  1.00e+00 1.00e+00f  1
 227  9.0034470e+05 0.00e+00 3.59e-01 -11.0 3.58e-01    -  1.00e+00 1.00e+00f  1
 228  8.9967580e+05 0.00e+00 3.59e-01 -11.0 3.59e-01    -  1.00e+00 1.00e+00f  1
 229  8.9900609e+05 0.00e+00 3.59e-01 -11.0 3.59e-01    -  1.00e+00 1.00e+00f  1
iter    objective    inf_pr   inf_du lg(mu)  ||d||  lg(rg) alpha_du alpha_pr  ls
 230  8.9833556e+05 0.00e+00 3.59e-01 -11.0 3.59e-01    -  1.00e+00 1.00e+00f  1
 231  8.9766422e+05 0.00e+00 3.60e-01 -11.0 3.59e-01    -  1.00e+00 1.00e+00f  1
 232  8.9699207e+05 0.00e+00 3.60e-01 -11.0 3.60e-01    -  1.00e+00 1.00e+00f  1
 233  8.9631909e+05 0.00e+00 3.60e-01 -11.0 3.60e-01    -  1.00e+00 1.00e+00f  1
 234  8.9564530e+05 0.00e+00 3.60e-01 -11.0 3.60e-01    -  1.00e+00 1.00e+00f  1
 235  8.9497069e+05 0.00e+00 3.60e-01 -11.0 3.60e-01    -  1.00e+00 1.00e+00f  1
 236  8.9429526e+05 0.00e+00 3.61e-01 -11.0 3.60e-01    -  1.00e+00 1.00e+00f  1
 237  8.9361901e+05 0.00e+00 3.61e-01 -11.0 3.61e-01    -  1.00e+00 1.00e+00f  1
 238  8.9294194e+05 0.00e+00 3.61e-01 -11.0 3.61e-01    -  1.00e+00 1.00e+00f  1
 239  8.9226405e+05 0.00e+00 3.61e-01 -11.0 3.61e-01    -  1.00e+00 1.00e+00f  1
iter    objective    inf_pr   inf_du lg(mu)  ||d||  lg(rg) alpha_du alpha_pr  ls
 240  8.9158533e+05 0.00e+00 3.62e-01 -11.0 3.61e-01    -  1.00e+00 1.00e+00f  1
 241  8.9090578e+05 0.00e+00 3.62e-01 -11.0 3.62e-01    -  1.00e+00 1.00e+00f  1
 242  8.9022541e+05 0.00e+00 3.62e-01 -11.0 3.62e-01    -  1.00e+00 1.00e+00f  1
 243  8.8954421e+05 0.00e+00 3.62e-01 -11.0 3.62e-01    -  1.00e+00 1.00e+00f  1
 244  8.8886218e+05 0.00e+00 3.62e-01 -11.0 3.62e-01    -  1.00e+00 1.00e+00f  1
 245  8.8817932e+05 0.00e+00 3.63e-01 -11.0 3.62e-01    -  1.00e+00 1.00e+00f  1
 246  8.8749563e+05 0.00e+00 3.63e-01 -11.0 3.63e-01    -  1.00e+00 1.00e+00f  1
 247  8.8681111e+05 0.00e+00 3.63e-01 -11.0 3.63e-01    -  1.00e+00 1.00e+00f  1
 248  8.8612575e+05 0.00e+00 3.63e-01 -11.0 3.63e-01    -  1.00e+00 1.00e+00f  1
 249  8.8543956e+05 0.00e+00 3.63e-01 -11.0 3.63e-01    -  1.00e+00 1.00e+00f  1
iter    objective    inf_pr   inf_du lg(mu)  ||d||  lg(rg) alpha_du alpha_pr  ls
 250  8.8475253e+05 0.00e+00 3.64e-01 -11.0 3.63e-01    -  1.00e+00 1.00e+00f  1
 251  8.8406467e+05 0.00e+00 3.64e-01 -11.0 3.64e-01    -  1.00e+00 1.00e+00f  1
 252  8.8337597e+05 0.00e+00 3.64e-01 -11.0 3.64e-01    -  1.00e+00 1.00e+00f  1
 253  8.8268643e+05 0.00e+00 3.64e-01 -11.0 3.64e-01    -  1.00e+00 1.00e+00f  1
 254  8.8199605e+05 0.00e+00 3.65e-01 -11.0 3.64e-01    -  1.00e+00 1.00e+00f  1
 255  8.8130482e+05 0.00e+00 3.65e-01 -11.0 3.65e-01    -  1.00e+00 1.00e+00f  1
 256  8.8061276e+05 0.00e+00 3.65e-01 -11.0 3.65e-01    -  1.00e+00 1.00e+00f  1
 257  8.7991985e+05 0.00e+00 3.65e-01 -11.0 3.65e-01    -  1.00e+00 1.00e+00f  1
 258  8.7922610e+05 0.00e+00 3.65e-01 -11.0 3.65e-01    -  1.00e+00 1.00e+00f  1
 259  8.7853150e+05 0.00e+00 3.66e-01 -11.0 3.65e-01    -  1.00e+00 1.00e+00f  1
iter    objective    inf_pr   inf_du lg(mu)  ||d||  lg(rg) alpha_du alpha_pr  ls
 260  8.7783605e+05 0.00e+00 3.66e-01 -11.0 3.66e-01    -  1.00e+00 1.00e+00f  1
 261  8.7713976e+05 0.00e+00 3.66e-01 -11.0 3.66e-01    -  1.00e+00 1.00e+00f  1
 262  8.7644261e+05 0.00e+00 3.66e-01 -11.0 3.66e-01    -  1.00e+00 1.00e+00f  1
 263  8.7574462e+05 0.00e+00 3.67e-01 -11.0 3.66e-01    -  1.00e+00 1.00e+00f  1
 264  8.7504577e+05 0.00e+00 3.67e-01 -11.0 3.67e-01    -  1.00e+00 1.00e+00f  1
 265  8.7434607e+05 0.00e+00 3.67e-01 -11.0 3.67e-01    -  1.00e+00 1.00e+00f  1
 266  8.7364552e+05 0.00e+00 3.67e-01 -11.0 3.67e-01    -  1.00e+00 1.00e+00f  1
 267  8.7294411e+05 0.00e+00 3.68e-01 -11.0 3.67e-01    -  1.00e+00 1.00e+00f  1
 268  8.7224185e+05 0.00e+00 3.68e-01 -11.0 3.68e-01    -  1.00e+00 1.00e+00f  1
 269  8.7153872e+05 0.00e+00 3.68e-01 -11.0 3.68e-01    -  1.00e+00 1.00e+00f  1
iter    objective    inf_pr   inf_du lg(mu)  ||d||  lg(rg) alpha_du alpha_pr  ls
 270  8.7083474e+05 0.00e+00 3.68e-01 -11.0 3.68e-01    -  1.00e+00 1.00e+00f  1
 271  8.7012990e+05 0.00e+00 3.68e-01 -11.0 3.68e-01    -  1.00e+00 1.00e+00f  1
 272  8.6942420e+05 0.00e+00 3.69e-01 -11.0 3.68e-01    -  1.00e+00 1.00e+00f  1
 273  8.6871764e+05 0.00e+00 3.69e-01 -11.0 3.69e-01    -  1.00e+00 1.00e+00f  1
 274  8.6801021e+05 0.00e+00 3.69e-01 -11.0 3.69e-01    -  1.00e+00 1.00e+00f  1
 275  8.6730192e+05 0.00e+00 3.69e-01 -11.0 3.69e-01    -  1.00e+00 1.00e+00f  1
 276  8.6659276e+05 0.00e+00 3.70e-01 -11.0 3.69e-01    -  1.00e+00 1.00e+00f  1
 277  8.6588274e+05 0.00e+00 3.70e-01 -11.0 3.70e-01    -  1.00e+00 1.00e+00f  1
 278  8.6517185e+05 0.00e+00 3.70e-01 -11.0 3.70e-01    -  1.00e+00 1.00e+00f  1
 279  8.6446009e+05 0.00e+00 3.70e-01 -11.0 3.70e-01    -  1.00e+00 1.00e+00f  1
iter    objective    inf_pr   inf_du lg(mu)  ||d||  lg(rg) alpha_du alpha_pr  ls
 280  8.6374746e+05 0.00e+00 3.70e-01 -11.0 3.70e-01    -  1.00e+00 1.00e+00f  1
 281  8.6303396e+05 0.00e+00 3.71e-01 -11.0 3.70e-01    -  1.00e+00 1.00e+00f  1
 282  8.6231959e+05 0.00e+00 3.71e-01 -11.0 3.71e-01    -  1.00e+00 1.00e+00f  1
 283  8.6160434e+05 0.00e+00 3.71e-01 -11.0 3.71e-01    -  1.00e+00 1.00e+00f  1
 284  8.6088822e+05 0.00e+00 3.71e-01 -11.0 3.71e-01    -  1.00e+00 1.00e+00f  1
 285  8.6017122e+05 0.00e+00 3.72e-01 -11.0 3.71e-01    -  1.00e+00 1.00e+00f  1
 286  8.5945334e+05 0.00e+00 3.72e-01 -11.0 3.72e-01    -  1.00e+00 1.00e+00f  1
 287  8.5873459e+05 0.00e+00 3.72e-01 -11.0 3.72e-01    -  1.00e+00 1.00e+00f  1
 288  8.5801496e+05 0.00e+00 3.72e-01 -11.0 3.72e-01    -  1.00e+00 1.00e+00f  1
 289  8.5729445e+05 0.00e+00 3.72e-01 -11.0 3.72e-01    -  1.00e+00 1.00e+00f  1
iter    objective    inf_pr   inf_du lg(mu)  ||d||  lg(rg) alpha_du alpha_pr  ls
 290  8.5657305e+05 0.00e+00 3.73e-01 -11.0 3.72e-01    -  1.00e+00 1.00e+00f  1
 291  8.5585077e+05 0.00e+00 3.73e-01 -11.0 3.73e-01    -  1.00e+00 1.00e+00f  1
 292  8.5512761e+05 0.00e+00 3.73e-01 -11.0 3.73e-01    -  1.00e+00 1.00e+00f  1
 293  8.5440357e+05 0.00e+00 3.73e-01 -11.0 3.73e-01    -  1.00e+00 1.00e+00f  1
 294  8.5367863e+05 0.00e+00 3.74e-01 -11.0 3.73e-01    -  1.00e+00 1.00e+00f  1
 295  8.5295281e+05 0.00e+00 3.74e-01 -11.0 3.74e-01    -  1.00e+00 1.00e+00f  1
 296  8.5222610e+05 0.00e+00 3.74e-01 -11.0 3.74e-01    -  1.00e+00 1.00e+00f  1
 297  8.5149850e+05 0.00e+00 3.74e-01 -11.0 3.74e-01    -  1.00e+00 1.00e+00f  1
 298  8.5077002e+05 0.00e+00 3.75e-01 -11.0 3.74e-01    -  1.00e+00 1.00e+00f  1
 299  8.5004063e+05 0.00e+00 3.75e-01 -11.0 3.75e-01    -  1.00e+00 1.00e+00f  1
iter    objective    inf_pr   inf_du lg(mu)  ||d||  lg(rg) alpha_du alpha_pr  ls
 300  8.4931036e+05 0.00e+00 3.75e-01 -11.0 3.75e-01    -  1.00e+00 1.00e+00f  1
 301  8.4857919e+05 0.00e+00 3.75e-01 -11.0 3.75e-01    -  1.00e+00 1.00e+00f  1
 302  8.4784712e+05 0.00e+00 3.75e-01 -11.0 3.75e-01    -  1.00e+00 1.00e+00f  1
 303  8.4711416e+05 0.00e+00 3.76e-01 -11.0 3.75e-01    -  1.00e+00 1.00e+00f  1
 304  8.4638030e+05 0.00e+00 3.76e-01 -11.0 3.76e-01    -  1.00e+00 1.00e+00f  1
 305  8.4564554e+05 0.00e+00 3.76e-01 -11.0 3.76e-01    -  1.00e+00 1.00e+00f  1
 306  8.4490988e+05 0.00e+00 3.76e-01 -11.0 3.76e-01    -  1.00e+00 1.00e+00f  1
 307  8.4417331e+05 0.00e+00 3.77e-01 -11.0 3.76e-01    -  1.00e+00 1.00e+00f  1
 308  8.4343585e+05 0.00e+00 3.77e-01 -11.0 3.77e-01    -  1.00e+00 1.00e+00f  1
 309  8.4269748e+05 0.00e+00 3.77e-01 -11.0 3.77e-01    -  1.00e+00 1.00e+00f  1
iter    objective    inf_pr   inf_du lg(mu)  ||d||  lg(rg) alpha_du alpha_pr  ls
 310  8.4195821e+05 0.00e+00 3.77e-01 -11.0 3.77e-01    -  1.00e+00 1.00e+00f  1
 311  8.4121802e+05 0.00e+00 3.78e-01 -11.0 3.77e-01    -  1.00e+00 1.00e+00f  1
 312  8.4047694e+05 0.00e+00 3.78e-01 -11.0 3.78e-01    -  1.00e+00 1.00e+00f  1
 313  8.3973494e+05 0.00e+00 3.78e-01 -11.0 3.78e-01    -  1.00e+00 1.00e+00f  1
 314  8.3899204e+05 0.00e+00 3.78e-01 -11.0 3.78e-01    -  1.00e+00 1.00e+00f  1
 315  8.3824822e+05 0.00e+00 3.78e-01 -11.0 3.78e-01    -  1.00e+00 1.00e+00f  1
 316  8.3750349e+05 0.00e+00 3.79e-01 -11.0 3.78e-01    -  1.00e+00 1.00e+00f  1
 317  8.3675785e+05 0.00e+00 3.79e-01 -11.0 3.79e-01    -  1.00e+00 1.00e+00f  1
 318  8.3601129e+05 0.00e+00 3.79e-01 -11.0 3.79e-01    -  1.00e+00 1.00e+00f  1
 319  8.3526382e+05 0.00e+00 3.79e-01 -11.0 3.79e-01    -  1.00e+00 1.00e+00f  1
iter    objective    inf_pr   inf_du lg(mu)  ||d||  lg(rg) alpha_du alpha_pr  ls
 320  8.3451543e+05 0.00e+00 3.80e-01 -11.0 3.79e-01    -  1.00e+00 1.00e+00f  1
 321  8.3376613e+05 0.00e+00 3.80e-01 -11.0 3.80e-01    -  1.00e+00 1.00e+00f  1
 322  8.3301590e+05 0.00e+00 3.80e-01 -11.0 3.80e-01    -  1.00e+00 1.00e+00f  1
 323  8.3226475e+05 0.00e+00 3.80e-01 -11.0 3.80e-01    -  1.00e+00 1.00e+00f  1
 324  8.3151268e+05 0.00e+00 3.81e-01 -11.0 3.80e-01    -  1.00e+00 1.00e+00f  1
 325  8.3075969e+05 0.00e+00 3.81e-01 -11.0 3.81e-01    -  1.00e+00 1.00e+00f  1
 326  8.3000578e+05 0.00e+00 3.81e-01 -11.0 3.81e-01    -  1.00e+00 1.00e+00f  1
 327  8.2925094e+05 0.00e+00 3.81e-01 -11.0 3.81e-01    -  1.00e+00 1.00e+00f  1
 328  8.2849517e+05 0.00e+00 3.81e-01 -11.0 3.81e-01    -  1.00e+00 1.00e+00f  1
 329  8.2773848e+05 0.00e+00 3.82e-01 -11.0 3.81e-01    -  1.00e+00 1.00e+00f  1
iter    objective    inf_pr   inf_du lg(mu)  ||d||  lg(rg) alpha_du alpha_pr  ls
 330  8.2698086e+05 0.00e+00 3.82e-01 -11.0 3.82e-01    -  1.00e+00 1.00e+00f  1
 331  8.2622231e+05 0.00e+00 3.82e-01 -11.0 3.82e-01    -  1.00e+00 1.00e+00f  1
 332  8.2546282e+05 0.00e+00 3.82e-01 -11.0 3.82e-01    -  1.00e+00 1.00e+00f  1
 333  8.2470241e+05 0.00e+00 3.83e-01 -11.0 3.82e-01    -  1.00e+00 1.00e+00f  1
 334  8.2394106e+05 0.00e+00 3.83e-01 -11.0 3.83e-01    -  1.00e+00 1.00e+00f  1
 335  8.2317878e+05 0.00e+00 3.83e-01 -11.0 3.83e-01    -  1.00e+00 1.00e+00f  1
 336  8.2241556e+05 0.00e+00 3.83e-01 -11.0 3.83e-01    -  1.00e+00 1.00e+00f  1
 337  8.2165140e+05 0.00e+00 3.84e-01 -11.0 3.83e-01    -  1.00e+00 1.00e+00f  1
 338  8.2088631e+05 0.00e+00 3.84e-01 -11.0 3.84e-01    -  1.00e+00 1.00e+00f  1
 339  8.2012028e+05 0.00e+00 3.84e-01 -11.0 3.84e-01    -  1.00e+00 1.00e+00f  1
iter    objective    inf_pr   inf_du lg(mu)  ||d||  lg(rg) alpha_du alpha_pr  ls
 340  8.1935331e+05 0.00e+00 3.84e-01 -11.0 3.84e-01    -  1.00e+00 1.00e+00f  1
 341  8.1858539e+05 0.00e+00 3.85e-01 -11.0 3.84e-01    -  1.00e+00 1.00e+00f  1
 342  8.1781654e+05 0.00e+00 3.85e-01 -11.0 3.85e-01    -  1.00e+00 1.00e+00f  1
 343  8.1704673e+05 0.00e+00 3.85e-01 -11.0 3.85e-01    -  1.00e+00 1.00e+00f  1
 344  8.1627599e+05 0.00e+00 3.85e-01 -11.0 3.85e-01    -  1.00e+00 1.00e+00f  1
 345  8.1550430e+05 0.00e+00 3.85e-01 -11.0 3.85e-01    -  1.00e+00 1.00e+00f  1
 346  8.1473166e+05 0.00e+00 3.86e-01 -11.0 3.85e-01    -  1.00e+00 1.00e+00f  1
 347  8.1395807e+05 0.00e+00 3.86e-01 -11.0 3.86e-01    -  1.00e+00 1.00e+00f  1
 348  8.1318353e+05 0.00e+00 3.86e-01 -11.0 3.86e-01    -  1.00e+00 1.00e+00f  1
 349  8.1240804e+05 0.00e+00 3.86e-01 -11.0 3.86e-01    -  1.00e+00 1.00e+00f  1
iter    objective    inf_pr   inf_du lg(mu)  ||d||  lg(rg) alpha_du alpha_pr  ls
 350  8.1163160e+05 0.00e+00 3.87e-01 -11.0 3.86e-01    -  1.00e+00 1.00e+00f  1
 351  8.1085421e+05 0.00e+00 3.87e-01 -11.0 3.87e-01    -  1.00e+00 1.00e+00f  1
 352  8.1007586e+05 0.00e+00 3.87e-01 -11.0 3.87e-01    -  1.00e+00 1.00e+00f  1
 353  8.0929656e+05 0.00e+00 3.87e-01 -11.0 3.87e-01    -  1.00e+00 1.00e+00f  1
 354  8.0851630e+05 0.00e+00 3.88e-01 -11.0 3.87e-01    -  1.00e+00 1.00e+00f  1
 355  8.0773508e+05 0.00e+00 3.88e-01 -11.0 3.88e-01    -  1.00e+00 1.00e+00f  1
 356  8.0695290e+05 0.00e+00 3.88e-01 -11.0 3.88e-01    -  1.00e+00 1.00e+00f  1
 357  8.0616977e+05 0.00e+00 3.88e-01 -11.0 3.88e-01    -  1.00e+00 1.00e+00f  1
 358  8.0538567e+05 0.00e+00 3.89e-01 -11.0 3.88e-01    -  1.00e+00 1.00e+00f  1
 359  8.0460060e+05 0.00e+00 3.89e-01 -11.0 3.89e-01    -  1.00e+00 1.00e+00f  1
iter    objective    inf_pr   inf_du lg(mu)  ||d||  lg(rg) alpha_du alpha_pr  ls
 360  8.0381458e+05 0.00e+00 3.89e-01 -11.0 3.89e-01    -  1.00e+00 1.00e+00f  1
 361  8.0302759e+05 0.00e+00 3.89e-01 -11.0 3.89e-01    -  1.00e+00 1.00e+00f  1
 362  8.0223963e+05 0.00e+00 3.90e-01 -11.0 3.89e-01    -  1.00e+00 1.00e+00f  1
 363  8.0145071e+05 0.00e+00 3.90e-01 -11.0 3.90e-01    -  1.00e+00 1.00e+00f  1
 364  8.0066082e+05 0.00e+00 3.90e-01 -11.0 3.90e-01    -  1.00e+00 1.00e+00f  1
 365  7.9986996e+05 0.00e+00 3.90e-01 -11.0 3.90e-01    -  1.00e+00 1.00e+00f  1
 366  7.9907812e+05 0.00e+00 3.90e-01 -11.0 3.90e-01    -  1.00e+00 1.00e+00f  1
 367  7.9828532e+05 0.00e+00 3.91e-01 -11.0 3.90e-01    -  1.00e+00 1.00e+00f  1
 368  7.9749154e+05 0.00e+00 3.91e-01 -11.0 3.91e-01    -  1.00e+00 1.00e+00f  1
 369  7.9669679e+05 0.00e+00 3.91e-01 -11.0 3.91e-01    -  1.00e+00 1.00e+00f  1
iter    objective    inf_pr   inf_du lg(mu)  ||d||  lg(rg) alpha_du alpha_pr  ls
 370  7.9590106e+05 0.00e+00 3.91e-01 -11.0 3.91e-01    -  1.00e+00 1.00e+00f  1
 371  7.9510436e+05 0.00e+00 3.92e-01 -11.0 3.91e-01    -  1.00e+00 1.00e+00f  1
 372  7.9430668e+05 0.00e+00 3.92e-01 -11.0 3.92e-01    -  1.00e+00 1.00e+00f  1
 373  7.9350802e+05 0.00e+00 3.92e-01 -11.0 3.92e-01    -  1.00e+00 1.00e+00f  1
 374  7.9270838e+05 0.00e+00 3.92e-01 -11.0 3.92e-01    -  1.00e+00 1.00e+00f  1
 375  7.9190776e+05 0.00e+00 3.93e-01 -11.0 3.92e-01    -  1.00e+00 1.00e+00f  1
 376  7.9110615e+05 0.00e+00 3.93e-01 -11.0 3.93e-01    -  1.00e+00 1.00e+00f  1
 377  7.9030357e+05 0.00e+00 3.93e-01 -11.0 3.93e-01    -  1.00e+00 1.00e+00f  1
 378  7.8950000e+05 0.00e+00 3.93e-01 -11.0 3.93e-01    -  1.00e+00 1.00e+00f  1
 379  7.8869544e+05 0.00e+00 3.94e-01 -11.0 3.93e-01    -  1.00e+00 1.00e+00f  1
iter    objective    inf_pr   inf_du lg(mu)  ||d||  lg(rg) alpha_du alpha_pr  ls
 380  7.8788990e+05 0.00e+00 3.94e-01 -11.0 3.94e-01    -  1.00e+00 1.00e+00f  1
 381  7.8708336e+05 0.00e+00 3.94e-01 -11.0 3.94e-01    -  1.00e+00 1.00e+00f  1
 382  7.8627584e+05 0.00e+00 3.94e-01 -11.0 3.94e-01    -  1.00e+00 1.00e+00f  1
 383  7.8546733e+05 0.00e+00 3.95e-01 -11.0 3.94e-01    -  1.00e+00 1.00e+00f  1
 384  7.8465783e+05 0.00e+00 3.95e-01 -11.0 3.95e-01    -  1.00e+00 1.00e+00f  1
 385  7.8384733e+05 0.00e+00 3.95e-01 -11.0 3.95e-01    -  1.00e+00 1.00e+00f  1
 386  7.8303584e+05 0.00e+00 3.95e-01 -11.0 3.95e-01    -  1.00e+00 1.00e+00f  1
 387  7.8222336e+05 0.00e+00 3.96e-01 -11.0 3.95e-01    -  1.00e+00 1.00e+00f  1
 388  7.8140988e+05 0.00e+00 3.96e-01 -11.0 3.96e-01    -  1.00e+00 1.00e+00f  1
 389  7.8059540e+05 0.00e+00 3.96e-01 -11.0 3.96e-01    -  1.00e+00 1.00e+00f  1
iter    objective    inf_pr   inf_du lg(mu)  ||d||  lg(rg) alpha_du alpha_pr  ls
 390  7.7977993e+05 0.00e+00 3.96e-01 -11.0 3.96e-01    -  1.00e+00 1.00e+00f  1
 391  7.7896345e+05 0.00e+00 3.97e-01 -11.0 3.96e-01    -  1.00e+00 1.00e+00f  1
 392  7.7814598e+05 0.00e+00 3.97e-01 -11.0 3.97e-01    -  1.00e+00 1.00e+00f  1
 393  7.7732750e+05 0.00e+00 3.97e-01 -11.0 3.97e-01    -  1.00e+00 1.00e+00f  1
 394  7.7650802e+05 0.00e+00 3.97e-01 -11.0 3.97e-01    -  1.00e+00 1.00e+00f  1
 395  7.7568754e+05 0.00e+00 3.98e-01 -11.0 3.97e-01    -  1.00e+00 1.00e+00f  1
 396  7.7486605e+05 0.00e+00 3.98e-01 -11.0 3.98e-01    -  1.00e+00 1.00e+00f  1
 397  7.7404356e+05 0.00e+00 3.98e-01 -11.0 3.98e-01    -  1.00e+00 1.00e+00f  1
 398  7.7322005e+05 0.00e+00 3.98e-01 -11.0 3.98e-01    -  1.00e+00 1.00e+00f  1
 399  7.7239554e+05 0.00e+00 3.98e-01 -11.0 3.98e-01    -  1.00e+00 1.00e+00f  1
iter    objective    inf_pr   inf_du lg(mu)  ||d||  lg(rg) alpha_du alpha_pr  ls
 400  7.7157003e+05 0.00e+00 3.99e-01 -11.0 3.98e-01    -  1.00e+00 1.00e+00f  1
 401  7.7074350e+05 0.00e+00 3.99e-01 -11.0 3.99e-01    -  1.00e+00 1.00e+00f  1
 402  7.6991595e+05 0.00e+00 3.99e-01 -11.0 3.99e-01    -  1.00e+00 1.00e+00f  1
 403  7.6908740e+05 0.00e+00 3.99e-01 -11.0 3.99e-01    -  1.00e+00 1.00e+00f  1
 404  7.6825783e+05 0.00e+00 4.00e-01 -11.0 3.99e-01    -  1.00e+00 1.00e+00f  1
 405  7.6742725e+05 0.00e+00 4.00e-01 -11.0 4.00e-01    -  1.00e+00 1.00e+00f  1
 406  7.6659565e+05 0.00e+00 4.00e-01 -11.0 4.00e-01    -  1.00e+00 1.00e+00f  1
 407  7.6576303e+05 0.00e+00 4.00e-01 -11.0 4.00e-01    -  1.00e+00 1.00e+00f  1
 408  7.6492940e+05 0.00e+00 4.01e-01 -11.0 4.00e-01    -  1.00e+00 1.00e+00f  1
 409  7.6409475e+05 0.00e+00 4.01e-01 -11.0 4.01e-01    -  1.00e+00 1.00e+00f  1
iter    objective    inf_pr   inf_du lg(mu)  ||d||  lg(rg) alpha_du alpha_pr  ls
 410  7.6325907e+05 0.00e+00 4.01e-01 -11.0 4.01e-01    -  1.00e+00 1.00e+00f  1
 411  7.6242238e+05 0.00e+00 4.01e-01 -11.0 4.01e-01    -  1.00e+00 1.00e+00f  1
 412  7.6158466e+05 0.00e+00 4.02e-01 -11.0 4.01e-01    -  1.00e+00 1.00e+00f  1
 413  7.6074592e+05 0.00e+00 4.02e-01 -11.0 4.02e-01    -  1.00e+00 1.00e+00f  1
 414  7.5990616e+05 0.00e+00 4.02e-01 -11.0 4.02e-01    -  1.00e+00 1.00e+00f  1
 415  7.5906536e+05 0.00e+00 4.02e-01 -11.0 4.02e-01    -  1.00e+00 1.00e+00f  1
 416  7.5822355e+05 0.00e+00 4.03e-01 -11.0 4.02e-01    -  1.00e+00 1.00e+00f  1
 417  7.5738070e+05 0.00e+00 4.03e-01 -11.0 4.03e-01    -  1.00e+00 1.00e+00f  1
 418  7.5653683e+05 0.00e+00 4.03e-01 -11.0 4.03e-01    -  1.00e+00 1.00e+00f  1
 419  7.5569192e+05 0.00e+00 4.03e-01 -11.0 4.03e-01    -  1.00e+00 1.00e+00f  1
iter    objective    inf_pr   inf_du lg(mu)  ||d||  lg(rg) alpha_du alpha_pr  ls
 420  7.5484599e+05 0.00e+00 4.04e-01 -11.0 4.03e-01    -  1.00e+00 1.00e+00f  1
 421  7.5399902e+05 0.00e+00 4.04e-01 -11.0 4.04e-01    -  1.00e+00 1.00e+00f  1
 422  7.5315102e+05 0.00e+00 4.04e-01 -11.0 4.04e-01    -  1.00e+00 1.00e+00f  1
 423  7.5230199e+05 0.00e+00 4.04e-01 -11.0 4.04e-01    -  1.00e+00 1.00e+00f  1
 424  7.5145192e+05 0.00e+00 4.05e-01 -11.0 4.04e-01    -  1.00e+00 1.00e+00f  1
 425  7.5060081e+05 0.00e+00 4.05e-01 -11.0 4.05e-01    -  1.00e+00 1.00e+00f  1
 426  7.4974867e+05 0.00e+00 4.05e-01 -11.0 4.05e-01    -  1.00e+00 1.00e+00f  1
 427  7.4889549e+05 0.00e+00 4.05e-01 -11.0 4.05e-01    -  1.00e+00 1.00e+00f  1
 428  7.4804127e+05 0.00e+00 4.06e-01 -11.0 4.05e-01    -  1.00e+00 1.00e+00f  1
 429  7.4718601e+05 0.00e+00 4.06e-01 -11.0 4.06e-01    -  1.00e+00 1.00e+00f  1
iter    objective    inf_pr   inf_du lg(mu)  ||d||  lg(rg) alpha_du alpha_pr  ls
 430  7.4632971e+05 0.00e+00 4.06e-01 -11.0 4.06e-01    -  1.00e+00 1.00e+00f  1
 431  7.4547236e+05 0.00e+00 4.06e-01 -11.0 4.06e-01    -  1.00e+00 1.00e+00f  1
 432  7.4461398e+05 0.00e+00 4.07e-01 -11.0 4.06e-01    -  1.00e+00 1.00e+00f  1
 433  7.4375455e+05 0.00e+00 4.07e-01 -11.0 4.07e-01    -  1.00e+00 1.00e+00f  1
 434  7.4289407e+05 0.00e+00 4.07e-01 -11.0 4.07e-01    -  1.00e+00 1.00e+00f  1
 435  7.4203255e+05 0.00e+00 4.07e-01 -11.0 4.07e-01    -  1.00e+00 1.00e+00f  1
 436  7.4116998e+05 0.00e+00 4.08e-01 -11.0 4.07e-01    -  1.00e+00 1.00e+00f  1
 437  7.4030637e+05 0.00e+00 4.08e-01 -11.0 4.08e-01    -  1.00e+00 1.00e+00f  1
 438  7.3944170e+05 0.00e+00 4.08e-01 -11.0 4.08e-01    -  1.00e+00 1.00e+00f  1
 439  7.3857598e+05 0.00e+00 4.08e-01 -11.0 4.08e-01    -  1.00e+00 1.00e+00f  1
iter    objective    inf_pr   inf_du lg(mu)  ||d||  lg(rg) alpha_du alpha_pr  ls
 440  7.3770922e+05 0.00e+00 4.09e-01 -11.0 4.08e-01    -  1.00e+00 1.00e+00f  1
 441  7.3684140e+05 0.00e+00 4.09e-01 -11.0 4.09e-01    -  1.00e+00 1.00e+00f  1
 442  7.3597253e+05 0.00e+00 4.09e-01 -11.0 4.09e-01    -  1.00e+00 1.00e+00f  1
 443  7.3510260e+05 0.00e+00 4.09e-01 -11.0 4.09e-01    -  1.00e+00 1.00e+00f  1
 444  7.3423162e+05 0.00e+00 4.10e-01 -11.0 4.09e-01    -  1.00e+00 1.00e+00f  1
 445  7.3335959e+05 0.00e+00 4.10e-01 -11.0 4.10e-01    -  1.00e+00 1.00e+00f  1
 446  7.3248650e+05 0.00e+00 4.10e-01 -11.0 4.10e-01    -  1.00e+00 1.00e+00f  1
 447  7.3161235e+05 0.00e+00 4.10e-01 -11.0 4.10e-01    -  1.00e+00 1.00e+00f  1
 448  7.3073714e+05 0.00e+00 4.11e-01 -11.0 4.10e-01    -  1.00e+00 1.00e+00f  1
 449  7.2986087e+05 0.00e+00 4.11e-01 -11.0 4.11e-01    -  1.00e+00 1.00e+00f  1
iter    objective    inf_pr   inf_du lg(mu)  ||d||  lg(rg) alpha_du alpha_pr  ls
 450  7.2898355e+05 0.00e+00 4.11e-01 -11.0 4.11e-01    -  1.00e+00 1.00e+00f  1
 451  7.2810516e+05 0.00e+00 4.11e-01 -11.0 4.11e-01    -  1.00e+00 1.00e+00f  1
 452  7.2722571e+05 0.00e+00 4.12e-01 -11.0 4.11e-01    -  1.00e+00 1.00e+00f  1
 453  7.2634520e+05 0.00e+00 4.12e-01 -11.0 4.12e-01    -  1.00e+00 1.00e+00f  1
 454  7.2546362e+05 0.00e+00 4.12e-01 -11.0 4.12e-01    -  1.00e+00 1.00e+00f  1
 455  7.2458098e+05 0.00e+00 4.12e-01 -11.0 4.12e-01    -  1.00e+00 1.00e+00f  1
 456  7.2369728e+05 0.00e+00 4.13e-01 -11.0 4.12e-01    -  1.00e+00 1.00e+00f  1
 457  7.2281251e+05 0.00e+00 4.13e-01 -11.0 4.13e-01    -  1.00e+00 1.00e+00f  1
 458  7.2192667e+05 0.00e+00 4.13e-01 -11.0 4.13e-01    -  1.00e+00 1.00e+00f  1
 459  7.2103976e+05 0.00e+00 4.13e-01 -11.0 4.13e-01    -  1.00e+00 1.00e+00f  1
iter    objective    inf_pr   inf_du lg(mu)  ||d||  lg(rg) alpha_du alpha_pr  ls
 460  7.2015179e+05 0.00e+00 4.14e-01 -11.0 4.13e-01    -  1.00e+00 1.00e+00f  1
 461  7.1926275e+05 0.00e+00 4.14e-01 -11.0 4.14e-01    -  1.00e+00 1.00e+00f  1
 462  7.1837263e+05 0.00e+00 4.14e-01 -11.0 4.14e-01    -  1.00e+00 1.00e+00f  1
 463  7.1748145e+05 0.00e+00 4.14e-01 -11.0 4.14e-01    -  1.00e+00 1.00e+00f  1
 464  7.1658919e+05 0.00e+00 4.15e-01 -11.0 4.14e-01    -  1.00e+00 1.00e+00f  1
 465  7.1569586e+05 0.00e+00 4.15e-01 -11.0 4.15e-01    -  1.00e+00 1.00e+00f  1
 466  7.1480146e+05 0.00e+00 4.15e-01 -11.0 4.15e-01    -  1.00e+00 1.00e+00f  1
 467  7.1390598e+05 0.00e+00 4.15e-01 -11.0 4.15e-01    -  1.00e+00 1.00e+00f  1
 468  7.1300943e+05 0.00e+00 4.16e-01 -11.0 4.15e-01    -  1.00e+00 1.00e+00f  1
 469  7.1211180e+05 0.00e+00 4.16e-01 -11.0 4.16e-01    -  1.00e+00 1.00e+00f  1
iter    objective    inf_pr   inf_du lg(mu)  ||d||  lg(rg) alpha_du alpha_pr  ls
 470  7.1121310e+05 0.00e+00 4.16e-01 -11.0 4.16e-01    -  1.00e+00 1.00e+00f  1
 471  7.1031332e+05 0.00e+00 4.16e-01 -11.0 4.16e-01    -  1.00e+00 1.00e+00f  1
 472  7.0941246e+05 0.00e+00 4.17e-01 -11.0 4.16e-01    -  1.00e+00 1.00e+00f  1
 473  7.0851052e+05 0.00e+00 4.17e-01 -11.0 4.17e-01    -  1.00e+00 1.00e+00f  1
 474  7.0760751e+05 0.00e+00 4.17e-01 -11.0 4.17e-01    -  1.00e+00 1.00e+00f  1
 475  7.0670341e+05 0.00e+00 4.17e-01 -11.0 4.17e-01    -  1.00e+00 1.00e+00f  1
 476  7.0579823e+05 0.00e+00 4.18e-01 -11.0 4.17e-01    -  1.00e+00 1.00e+00f  1
 477  7.0489198e+05 0.00e+00 4.18e-01 -11.0 4.18e-01    -  1.00e+00 1.00e+00f  1
 478  7.0398464e+05 0.00e+00 4.18e-01 -11.0 4.18e-01    -  1.00e+00 1.00e+00f  1
 479  7.0307622e+05 0.00e+00 4.18e-01 -11.0 4.18e-01    -  1.00e+00 1.00e+00f  1
iter    objective    inf_pr   inf_du lg(mu)  ||d||  lg(rg) alpha_du alpha_pr  ls
 480  7.0216671e+05 0.00e+00 4.19e-01 -11.0 4.18e-01    -  1.00e+00 1.00e+00f  1
 481  7.0125613e+05 0.00e+00 4.19e-01 -11.0 4.19e-01    -  1.00e+00 1.00e+00f  1
 482  7.0034445e+05 0.00e+00 4.19e-01 -11.0 4.19e-01    -  1.00e+00 1.00e+00f  1
 483  6.9943170e+05 0.00e+00 4.19e-01 -11.0 4.19e-01    -  1.00e+00 1.00e+00f  1
 484  6.9851786e+05 0.00e+00 4.20e-01 -11.0 4.19e-01    -  1.00e+00 1.00e+00f  1
 485  6.9760293e+05 0.00e+00 4.20e-01 -11.0 4.20e-01    -  1.00e+00 1.00e+00f  1
 486  6.9668692e+05 0.00e+00 4.20e-01 -11.0 4.20e-01    -  1.00e+00 1.00e+00f  1
 487  6.9576981e+05 0.00e+00 4.20e-01 -11.0 4.20e-01    -  1.00e+00 1.00e+00f  1
 488  6.9485163e+05 0.00e+00 4.21e-01 -11.0 4.20e-01    -  1.00e+00 1.00e+00f  1
 489  6.9393235e+05 0.00e+00 4.21e-01 -11.0 4.21e-01    -  1.00e+00 1.00e+00f  1
iter    objective    inf_pr   inf_du lg(mu)  ||d||  lg(rg) alpha_du alpha_pr  ls
 490  6.9301199e+05 0.00e+00 4.21e-01 -11.0 4.21e-01    -  1.00e+00 1.00e+00f  1
 491  6.9209053e+05 0.00e+00 4.21e-01 -11.0 4.21e-01    -  1.00e+00 1.00e+00f  1
 492  6.9116799e+05 0.00e+00 4.22e-01 -11.0 4.21e-01    -  1.00e+00 1.00e+00f  1
 493  6.9024435e+05 0.00e+00 4.22e-01 -11.0 4.22e-01    -  1.00e+00 1.00e+00f  1
 494  6.8931963e+05 0.00e+00 4.22e-01 -11.0 4.22e-01    -  1.00e+00 1.00e+00f  1
 495  6.8839382e+05 0.00e+00 4.22e-01 -11.0 4.22e-01    -  1.00e+00 1.00e+00f  1
 496  6.8746691e+05 0.00e+00 4.22e-01 -11.0 4.22e-01    -  1.00e+00 1.00e+00f  1
 497  6.8653892e+05 0.00e+00 4.23e-01 -11.0 4.22e-01    -  1.00e+00 1.00e+00f  1
 498  6.8560983e+05 0.00e+00 4.23e-01 -11.0 4.23e-01    -  1.00e+00 1.00e+00f  1
 499  6.8467965e+05 0.00e+00 4.23e-01 -11.0 4.23e-01    -  1.00e+00 1.00e+00f  1
iter    objective    inf_pr   inf_du lg(mu)  ||d||  lg(rg) alpha_du alpha_pr  ls
 500  6.8374837e+05 0.00e+00 4.23e-01 -11.0 4.23e-01    -  1.00e+00 1.00e+00f  1
 501  6.8281601e+05 0.00e+00 4.24e-01 -11.0 4.23e-01    -  1.00e+00 1.00e+00f  1
 502  6.8188255e+05 0.00e+00 4.24e-01 -11.0 4.24e-01    -  1.00e+00 1.00e+00f  1
 503  6.8094799e+05 0.00e+00 4.24e-01 -11.0 4.24e-01    -  1.00e+00 1.00e+00f  1
 504  6.8001235e+05 0.00e+00 4.24e-01 -11.0 4.24e-01    -  1.00e+00 1.00e+00f  1
 505  6.7907560e+05 0.00e+00 4.25e-01 -11.0 4.24e-01    -  1.00e+00 1.00e+00f  1
 506  6.7813777e+05 0.00e+00 4.25e-01 -11.0 4.25e-01    -  1.00e+00 1.00e+00f  1
 507  6.7719884e+05 0.00e+00 4.25e-01 -11.0 4.25e-01    -  1.00e+00 1.00e+00f  1
 508  6.7625881e+05 0.00e+00 4.25e-01 -11.0 4.25e-01    -  1.00e+00 1.00e+00f  1
 509  6.7531769e+05 0.00e+00 4.26e-01 -11.0 4.25e-01    -  1.00e+00 1.00e+00f  1
iter    objective    inf_pr   inf_du lg(mu)  ||d||  lg(rg) alpha_du alpha_pr  ls
 510  6.7437548e+05 0.00e+00 4.26e-01 -11.0 4.26e-01    -  1.00e+00 1.00e+00f  1
 511  6.7343217e+05 0.00e+00 4.26e-01 -11.0 4.26e-01    -  1.00e+00 1.00e+00f  1
 512  6.7248776e+05 0.00e+00 4.26e-01 -11.0 4.26e-01    -  1.00e+00 1.00e+00f  1
 513  6.7154226e+05 0.00e+00 4.27e-01 -11.0 4.26e-01    -  1.00e+00 1.00e+00f  1
 514  6.7059567e+05 0.00e+00 4.27e-01 -11.0 4.27e-01    -  1.00e+00 1.00e+00f  1
 515  6.6964797e+05 0.00e+00 4.27e-01 -11.0 4.27e-01    -  1.00e+00 1.00e+00f  1
 516  6.6869919e+05 0.00e+00 4.27e-01 -11.0 4.27e-01    -  1.00e+00 1.00e+00f  1
 517  6.6774930e+05 0.00e+00 4.28e-01 -11.0 4.27e-01    -  1.00e+00 1.00e+00f  1
 518  6.6679832e+05 0.00e+00 4.28e-01 -11.0 4.28e-01    -  1.00e+00 1.00e+00f  1
 519  6.6584625e+05 0.00e+00 4.28e-01 -11.0 4.28e-01    -  1.00e+00 1.00e+00f  1
iter    objective    inf_pr   inf_du lg(mu)  ||d||  lg(rg) alpha_du alpha_pr  ls
 520  6.6489308e+05 0.00e+00 4.28e-01 -11.0 4.28e-01    -  1.00e+00 1.00e+00f  1
 521  6.6393881e+05 0.00e+00 4.29e-01 -11.0 4.28e-01    -  1.00e+00 1.00e+00f  1
 522  6.6298345e+05 0.00e+00 4.29e-01 -11.0 4.29e-01    -  1.00e+00 1.00e+00f  1
 523  6.6202699e+05 0.00e+00 4.29e-01 -11.0 4.29e-01    -  1.00e+00 1.00e+00f  1
 524  6.6106944e+05 0.00e+00 4.29e-01 -11.0 4.29e-01    -  1.00e+00 1.00e+00f  1
 525  6.6011079e+05 0.00e+00 4.30e-01 -11.0 4.29e-01    -  1.00e+00 1.00e+00f  1
 526  6.5915105e+05 0.00e+00 4.30e-01 -11.0 4.30e-01    -  1.00e+00 1.00e+00f  1
 527  6.5819021e+05 0.00e+00 4.30e-01 -11.0 4.30e-01    -  1.00e+00 1.00e+00f  1
 528  6.5722828e+05 0.00e+00 4.30e-01 -11.0 4.30e-01    -  1.00e+00 1.00e+00f  1
 529  6.5626525e+05 0.00e+00 4.31e-01 -11.0 4.30e-01    -  1.00e+00 1.00e+00f  1
iter    objective    inf_pr   inf_du lg(mu)  ||d||  lg(rg) alpha_du alpha_pr  ls
 530  6.5530113e+05 0.00e+00 4.31e-01 -11.0 4.31e-01    -  1.00e+00 1.00e+00f  1
 531  6.5433592e+05 0.00e+00 4.31e-01 -11.0 4.31e-01    -  1.00e+00 1.00e+00f  1
 532  6.5336961e+05 0.00e+00 4.31e-01 -11.0 4.31e-01    -  1.00e+00 1.00e+00f  1
 533  6.5240222e+05 0.00e+00 4.32e-01 -11.0 4.31e-01    -  1.00e+00 1.00e+00f  1
 534  6.5143372e+05 0.00e+00 4.32e-01 -11.0 4.32e-01    -  1.00e+00 1.00e+00f  1
 535  6.5046414e+05 0.00e+00 4.32e-01 -11.0 4.32e-01    -  1.00e+00 1.00e+00f  1
 536  6.4949346e+05 0.00e+00 4.32e-01 -11.0 4.32e-01    -  1.00e+00 1.00e+00f  1
 537  6.4852170e+05 0.00e+00 4.33e-01 -11.0 4.32e-01    -  1.00e+00 1.00e+00f  1
 538  6.4754884e+05 0.00e+00 4.33e-01 -11.0 4.33e-01    -  1.00e+00 1.00e+00f  1
 539  6.4657490e+05 0.00e+00 4.33e-01 -11.0 4.33e-01    -  1.00e+00 1.00e+00f  1
iter    objective    inf_pr   inf_du lg(mu)  ||d||  lg(rg) alpha_du alpha_pr  ls
 540  6.4559986e+05 0.00e+00 4.33e-01 -11.0 4.33e-01    -  1.00e+00 1.00e+00f  1
 541  6.4462373e+05 0.00e+00 4.34e-01 -11.0 4.33e-01    -  1.00e+00 1.00e+00f  1
 542  6.4364652e+05 0.00e+00 4.34e-01 -11.0 4.34e-01    -  1.00e+00 1.00e+00f  1
 543  6.4266822e+05 0.00e+00 4.34e-01 -11.0 4.34e-01    -  1.00e+00 1.00e+00f  1
 544  6.4168883e+05 0.00e+00 4.34e-01 -11.0 4.34e-01    -  1.00e+00 1.00e+00f  1
 545  6.4070836e+05 0.00e+00 4.35e-01 -11.0 4.34e-01    -  1.00e+00 1.00e+00f  1
 546  6.3972680e+05 0.00e+00 4.35e-01 -11.0 4.35e-01    -  1.00e+00 1.00e+00f  1
 547  6.3874416e+05 0.00e+00 4.35e-01 -11.0 4.35e-01    -  1.00e+00 1.00e+00f  1
 548  6.3776043e+05 0.00e+00 4.35e-01 -11.0 4.35e-01    -  1.00e+00 1.00e+00f  1
 549  6.3677562e+05 0.00e+00 4.35e-01 -11.0 4.35e-01    -  1.00e+00 1.00e+00f  1
iter    objective    inf_pr   inf_du lg(mu)  ||d||  lg(rg) alpha_du alpha_pr  ls
 550  6.3578973e+05 0.00e+00 4.36e-01 -11.0 4.35e-01    -  1.00e+00 1.00e+00f  1
 551  6.3480276e+05 0.00e+00 4.36e-01 -11.0 4.36e-01    -  1.00e+00 1.00e+00f  1
 552  6.3381471e+05 0.00e+00 4.36e-01 -11.0 4.36e-01    -  1.00e+00 1.00e+00f  1
 553  6.3282558e+05 0.00e+00 4.36e-01 -11.0 4.36e-01    -  1.00e+00 1.00e+00f  1
 554  6.3183537e+05 0.00e+00 4.37e-01 -11.0 4.36e-01    -  1.00e+00 1.00e+00f  1
 555  6.3084408e+05 0.00e+00 4.37e-01 -11.0 4.37e-01    -  1.00e+00 1.00e+00f  1
 556  6.2985172e+05 0.00e+00 4.37e-01 -11.0 4.37e-01    -  1.00e+00 1.00e+00f  1
 557  6.2885829e+05 0.00e+00 4.37e-01 -11.0 4.37e-01    -  1.00e+00 1.00e+00f  1
 558  6.2786378e+05 0.00e+00 4.38e-01 -11.0 4.37e-01    -  1.00e+00 1.00e+00f  1
 559  6.2686820e+05 0.00e+00 4.38e-01 -11.0 4.38e-01    -  1.00e+00 1.00e+00f  1
iter    objective    inf_pr   inf_du lg(mu)  ||d||  lg(rg) alpha_du alpha_pr  ls
 560  6.2587156e+05 0.00e+00 4.38e-01 -11.0 4.38e-01    -  1.00e+00 1.00e+00f  1
 561  6.2487384e+05 0.00e+00 4.38e-01 -11.0 4.38e-01    -  1.00e+00 1.00e+00f  1
 562  6.2387505e+05 0.00e+00 4.39e-01 -11.0 4.38e-01    -  1.00e+00 1.00e+00f  1
 563  6.2287520e+05 0.00e+00 4.39e-01 -11.0 4.39e-01    -  1.00e+00 1.00e+00f  1
 564  6.2187428e+05 0.00e+00 4.39e-01 -11.0 4.39e-01    -  1.00e+00 1.00e+00f  1
 565  6.2087230e+05 0.00e+00 4.39e-01 -11.0 4.39e-01    -  1.00e+00 1.00e+00f  1
 566  6.1986926e+05 0.00e+00 4.39e-01 -11.0 4.39e-01    -  1.00e+00 1.00e+00f  1
 567  6.1886516e+05 0.00e+00 4.40e-01 -11.0 4.39e-01    -  1.00e+00 1.00e+00f  1
 568  6.1786000e+05 0.00e+00 4.40e-01 -11.0 4.40e-01    -  1.00e+00 1.00e+00f  1
 569  6.1685379e+05 0.00e+00 4.40e-01 -11.0 4.40e-01    -  1.00e+00 1.00e+00f  1
iter    objective    inf_pr   inf_du lg(mu)  ||d||  lg(rg) alpha_du alpha_pr  ls
 570  6.1584652e+05 0.00e+00 4.40e-01 -11.0 4.40e-01    -  1.00e+00 1.00e+00f  1
 571  6.1483820e+05 0.00e+00 4.41e-01 -11.0 4.40e-01    -  1.00e+00 1.00e+00f  1
 572  6.1382883e+05 0.00e+00 4.41e-01 -11.0 4.41e-01    -  1.00e+00 1.00e+00f  1
 573  6.1281840e+05 0.00e+00 4.41e-01 -11.0 4.41e-01    -  1.00e+00 1.00e+00f  1
 574  6.1180694e+05 0.00e+00 4.41e-01 -11.0 4.41e-01    -  1.00e+00 1.00e+00f  1
 575  6.1079442e+05 0.00e+00 4.42e-01 -11.0 4.41e-01    -  1.00e+00 1.00e+00f  1
 576  6.0978087e+05 0.00e+00 4.42e-01 -11.0 4.42e-01    -  1.00e+00 1.00e+00f  1
 577  6.0876627e+05 0.00e+00 4.42e-01 -11.0 4.42e-01    -  1.00e+00 1.00e+00f  1
 578  6.0775064e+05 0.00e+00 4.42e-01 -11.0 4.42e-01    -  1.00e+00 1.00e+00f  1
 579  6.0673397e+05 0.00e+00 4.42e-01 -11.0 4.42e-01    -  1.00e+00 1.00e+00f  1
iter    objective    inf_pr   inf_du lg(mu)  ||d||  lg(rg) alpha_du alpha_pr  ls
 580  6.0571626e+05 0.00e+00 4.43e-01 -11.0 4.42e-01    -  1.00e+00 1.00e+00f  1
 581  6.0469753e+05 0.00e+00 4.43e-01 -11.0 4.43e-01    -  1.00e+00 1.00e+00f  1
 582  6.0367776e+05 0.00e+00 4.43e-01 -11.0 4.43e-01    -  1.00e+00 1.00e+00f  1
 583  6.0265697e+05 0.00e+00 4.43e-01 -11.0 4.43e-01    -  1.00e+00 1.00e+00f  1
 584  6.0163516e+05 0.00e+00 4.44e-01 -11.0 4.43e-01    -  1.00e+00 1.00e+00f  1
 585  6.0061233e+05 0.00e+00 4.44e-01 -11.0 4.44e-01    -  1.00e+00 1.00e+00f  1
 586  5.9958847e+05 0.00e+00 4.44e-01 -11.0 4.44e-01    -  1.00e+00 1.00e+00f  1
 587  5.9856361e+05 0.00e+00 4.44e-01 -11.0 4.44e-01    -  1.00e+00 1.00e+00f  1
 588  5.9753773e+05 0.00e+00 4.44e-01 -11.0 4.44e-01    -  1.00e+00 1.00e+00f  1
 589  5.9651084e+05 0.00e+00 4.45e-01 -11.0 4.44e-01    -  1.00e+00 1.00e+00f  1
iter    objective    inf_pr   inf_du lg(mu)  ||d||  lg(rg) alpha_du alpha_pr  ls
 590  5.9548294e+05 0.00e+00 4.45e-01 -11.0 4.45e-01    -  1.00e+00 1.00e+00f  1
 591  5.9445404e+05 0.00e+00 4.45e-01 -11.0 4.45e-01    -  1.00e+00 1.00e+00f  1
 592  5.9342414e+05 0.00e+00 4.45e-01 -11.0 4.45e-01    -  1.00e+00 1.00e+00f  1
 593  5.9239324e+05 0.00e+00 4.46e-01 -11.0 4.45e-01    -  1.00e+00 1.00e+00f  1
 594  5.9136135e+05 0.00e+00 4.46e-01 -11.0 4.46e-01    -  1.00e+00 1.00e+00f  1
 595  5.9032847e+05 0.00e+00 4.46e-01 -11.0 4.46e-01    -  1.00e+00 1.00e+00f  1
 596  5.8929460e+05 0.00e+00 4.46e-01 -11.0 4.46e-01    -  1.00e+00 1.00e+00f  1
 597  5.8825975e+05 0.00e+00 4.46e-01 -11.0 4.46e-01    -  1.00e+00 1.00e+00f  1
 598  5.8722392e+05 0.00e+00 4.47e-01 -11.0 4.46e-01    -  1.00e+00 1.00e+00f  1
 599  5.8618711e+05 0.00e+00 4.47e-01 -11.0 4.47e-01    -  1.00e+00 1.00e+00f  1
iter    objective    inf_pr   inf_du lg(mu)  ||d||  lg(rg) alpha_du alpha_pr  ls
 600  5.8514933e+05 0.00e+00 4.47e-01 -11.0 4.47e-01    -  1.00e+00 1.00e+00f  1

Number of Iterations....: 600

                                   (scaled)                 (unscaled)
Objective...............:   1.1264291568656741e+02    5.8514932931992726e+05
Dual infeasibility......:   4.4702483538960192e-01    2.3221725132312890e+03
Constraint violation....:   0.0000000000000000e+00    0.0000000000000000e+00
Variable bound violation:   2.9999676698366784e-07    2.9999676698366784e-07
Complementarity.........:   1.0000000000000001e-11    5.1947281882166870e-08
Overall NLP error.......:   4.4702483538960192e-01    2.3221725132312890e+03


Number of objective function evaluations             = 604
Number of objective gradient evaluations             = 601
Number of equality constraint evaluations            = 0
Number of inequality constraint evaluations          = 606
Number of equality constraint Jacobian evaluations   = 0
Number of inequality constraint Jacobian evaluations = 601
Number of Lagrangian Hessian evaluations             = 0
Total seconds in IPOPT                               = 7.069

EXIT: Maximum Number of Iterations Exceeded.
